<?xml version="1.0" encoding="UTF-8"?>
<testng-results skipped="0" failed="0" ignored="0" total="2" passed="2">
  <reporter-output>
  </reporter-output>
  <suite name="Test-method Suite" duration-ms="133" started-at="2018-08-10T15:56:45Z" finished-at="2018-08-10T15:56:45Z">
    <groups>
    </groups>
    <test name="Test-method test" duration-ms="133" started-at="2018-08-10T15:56:45Z" finished-at="2018-08-10T15:56:45Z">
      <class name="seleniumProjectCognizant.TestngClass">
        <test-method status="PASS" signature="beforeMethod()[pri:0, instance:seleniumProjectCognizant.TestngClass@2038ae61]" name="beforeMethod" is-config="true" duration-ms="15" started-at="2018-08-10T15:56:45Z" finished-at="2018-08-10T15:56:45Z">
          <reporter-output>
          </reporter-output>
        </test-method> <!-- beforeMethod -->
        <test-method status="PASS" signature="beforeMethod()[pri:0, instance:seleniumProjectCognizant.TestngClass@2038ae61]" name="beforeMethod" is-config="true" duration-ms="15" started-at="2018-08-10T15:56:45Z" finished-at="2018-08-10T15:56:45Z">
          <reporter-output>
          </reporter-output>
        </test-method> <!-- beforeMethod -->
        <test-method status="PASS" signature="testMethodsTwo()[pri:0, instance:seleniumProjectCognizant.TestngClass@2038ae61]" name="testMethodsTwo" duration-ms="15" started-at="2018-08-10T15:56:45Z" finished-at="2018-08-10T15:56:45Z">
          <reporter-output>
          </reporter-output>
        </test-method> <!-- testMethodsTwo -->
        <test-method status="PASS" signature="testMethodsOne()[pri:0, instance:seleniumProjectCognizant.TestngClass@2038ae61]" name="testMethodsOne" duration-ms="18" started-at="2018-08-10T15:56:45Z" finished-at="2018-08-10T15:56:45Z">
          <reporter-output>
          </reporter-output>
        </test-method> <!-- testMethodsOne -->
        <test-method status="PASS" signature="afterMethod()[pri:0, instance:seleniumProjectCognizant.TestngClass@2038ae61]" name="afterMethod" is-config="true" duration-ms="2" started-at="2018-08-10T15:56:45Z" finished-at="2018-08-10T15:56:45Z">
          <reporter-output>
          </reporter-output>
        </test-method> <!-- afterMethod -->
        <test-method status="PASS" signature="afterMethod()[pri:0, instance:seleniumProjectCognizant.TestngClass@2038ae61]" name="afterMethod" is-config="true" duration-ms="1" started-at="2018-08-10T15:56:45Z" finished-at="2018-08-10T15:56:45Z">
          <reporter-output>
          </reporter-output>
        </test-method> <!-- afterMethod -->
      </class> <!-- seleniumProjectCognizant.TestngClass -->
    </test> <!-- Test-method test -->
  </suite> <!-- Test-method Suite -->
</testng-results>
